# JRE version: OpenJDK Runtime Environment (11.0.11+9) (build 11.0.11+9-b60-7590822)
# Java VM: OpenJDK 64-Bit Server VM (11.0.11+9-b60-7590822, mixed mode, tiered, compressed oops, g1 gc, windows-amd64)
Heap:
 garbage-first heap   total 236544K, used 34578K [0x0000000741e00000, 0x0000000800000000)
  region size 1024K, 11 young (11264K), 11 survivors (11264K)
 Metaspace       used 58471K, capacity 59181K, committed 59472K, reserved 1101824K
  class space    used 6820K, capacity 7074K, committed 7168K, reserved 1048576K
GC Heap History (11 events):
Event: 0.784 GC heap before
{Heap before GC invocations=0 (full 0):
 garbage-first heap   total 196608K, used 17408K [0x0000000741e00000, 0x0000000800000000)
  region size 1024K, 14 young (14336K), 0 survivors (0K)
 Metaspace       used 9774K, capacity 9874K, committed 10112K, reserved 1058816K
  class space    used 832K, capacity 885K, committed 896K, reserved 1048576K
}
Event: 0.787 GC heap after
{Heap after GC invocations=1 (full 0):
 garbage-first heap   total 196608K, used 5225K [0x0000000741e00000, 0x0000000800000000)
  region size 1024K, 2 young (2048K), 2 survivors (2048K)
 Metaspace       used 9774K, capacity 9874K, committed 10112K, reserved 1058816K
  class space    used 832K, capacity 885K, committed 896K, reserved 1048576K
}
Event: 1.594 GC heap before
{Heap before GC invocations=1 (full 0):
 garbage-first heap   total 196608K, used 50281K [0x0000000741e00000, 0x0000000800000000)
  region size 1024K, 47 young (48128K), 2 survivors (2048K)
 Metaspace       used 20923K, capacity 21146K, committed 21296K, reserved 1069056K
  class space    used 2265K, capacity 2347K, committed 2432K, reserved 1048576K
}
Event: 1.606 GC heap after
{Heap after GC invocations=2 (full 0):
 garbage-first heap   total 196608K, used 9237K [0x0000000741e00000, 0x0000000800000000)
  region size 1024K, 6 young (6144K), 6 survivors (6144K)
 Metaspace       used 20923K, capacity 21146K, committed 21296K, reserved 1069056K
  class space    used 2265K, capacity 2347K, committed 2432K, reserved 1048576K
}
Event: 2.492 GC heap before
{Heap before GC invocations=3 (full 0):
 garbage-first heap   total 196608K, used 62485K [0x0000000741e00000, 0x0000000800000000)
  region size 1024K, 53 young (54272K), 6 survivors (6144K)
 Metaspace       used 31777K, capacity 32232K, committed 32432K, reserved 1077248K
  class space    used 3796K, capacity 3976K, committed 4096K, reserved 1048576K
}
Event: 2.507 GC heap after
{Heap after GC invocations=4 (full 0):
 garbage-first heap   total 196608K, used 20551K [0x0000000741e00000, 0x0000000800000000)
  region size 1024K, 7 young (7168K), 7 survivors (7168K)
 Metaspace       used 31777K, capacity 32232K, committed 32432K, reserved 1077248K
  class space    used 3796K, capacity 3976K, committed 4096K, reserved 1048576K
}
Event: 2.729 GC heap before
{Heap before GC invocations=4 (full 0):
 garbage-first heap   total 196608K, used 40007K [0x0000000741e00000, 0x0000000800000000)
  region size 1024K, 27 young (27648K), 7 survivors (7168K)
 Metaspace       used 35361K, capacity 35794K, committed 35920K, reserved 1081344K
  class space    used 4412K, capacity 4586K, committed 4608K, reserved 1048576K
}
Event: 2.740 GC heap after
{Heap after GC invocations=5 (full 0):
 garbage-first heap   total 196608K, used 23552K [0x0000000741e00000, 0x0000000800000000)
  region size 1024K, 3 young (3072K), 3 survivors (3072K)
 Metaspace       used 35361K, capacity 35794K, committed 35920K, reserved 1081344K
  class space    used 4412K, capacity 4586K, committed 4608K, reserved 1048576K
}
Event: 3.779 GC heap before
{Heap before GC invocations=6 (full 0):
 garbage-first heap   total 196608K, used 84992K [0x0000000741e00000, 0x0000000800000000)
  region size 1024K, 63 young (64512K), 3 survivors (3072K)
 Metaspace       used 48639K, capacity 49236K, committed 49488K, reserved 1093632K
  class space    used 5800K, capacity 6053K, committed 6144K, reserved 1048576K
}
Event: 3.791 GC heap after
{Heap after GC invocations=7 (full 0):
 garbage-first heap   total 196608K, used 26624K [0x0000000741e00000, 0x0000000800000000)
  region size 1024K, 8 young (8192K), 8 survivors (8192K)
 Metaspace       used 48639K, capacity 49236K, committed 49488K, reserved 1093632K
  class space    used 5800K, capacity 6053K, committed 6144K, reserved 1048576K
}
Event: 5.226 GC heap before
{Heap before GC invocations=7 (full 0):
 garbage-first heap   total 196608K, used 107520K [0x0000000741e00000, 0x0000000800000000)
  region size 1024K, 84 young (86016K), 8 survivors (8192K)
 Metaspace       used 58471K, capacity 59181K, committed 59472K, reserved 1101824K
  class space    used 6820K, capacity 7074K, committed 7168K, reserved 1048576K
}

