# JRE version: OpenJDK Runtime Environment (11.0.11+9) (build 11.0.11+9-b60-7590822)
# Java VM: OpenJDK 64-Bit Server VM (11.0.11+9-b60-7590822, mixed mode, tiered, compressed oops, g1 gc, windows-amd64)
Heap:
 garbage-first heap   total 1107968K, used 282605K [0x00000006e0000000, 0x0000000800000000)
  region size 1024K, 2 young (2048K), 2 survivors (2048K)
 Metaspace       used 153381K, capacity 157507K, committed 157740K, reserved 1187840K
  class space    used 18392K, capacity 19984K, committed 20012K, reserved 1048576K
GC Heap History (20 events):
Event: 207.154 GC heap after
{Heap after GC invocations=64 (full 0):
 garbage-first heap   total 410624K, used 189223K [0x00000006e0000000, 0x0000000800000000)
  region size 1024K, 1 young (1024K), 1 survivors (1024K)
 Metaspace       used 152778K, capacity 156860K, committed 157228K, reserved 1185792K
  class space    used 18342K, capacity 19898K, committed 20012K, reserved 1048576K
}
Event: 209.067 GC heap before
{Heap before GC invocations=64 (full 0):
 garbage-first heap   total 410624K, used 312103K [0x00000006e0000000, 0x0000000800000000)
  region size 1024K, 122 young (124928K), 1 survivors (1024K)
 Metaspace       used 152969K, capacity 157075K, committed 157228K, reserved 1185792K
  class space    used 18346K, capacity 19931K, committed 20012K, reserved 1048576K
}
Event: 209.078 GC heap after
{Heap after GC invocations=65 (full 0):
 garbage-first heap   total 410624K, used 187399K [0x00000006e0000000, 0x0000000800000000)
  region size 1024K, 2 young (2048K), 2 survivors (2048K)
 Metaspace       used 152969K, capacity 157075K, committed 157228K, reserved 1185792K
  class space    used 18346K, capacity 19931K, committed 20012K, reserved 1048576K
}
Event: 209.209 GC heap before
{Heap before GC invocations=65 (full 0):
 garbage-first heap   total 410624K, used 212999K [0x00000006e0000000, 0x0000000800000000)
  region size 1024K, 28 young (28672K), 2 survivors (2048K)
 Metaspace       used 153038K, capacity 157218K, committed 157484K, reserved 1187840K
  class space    used 18355K, capacity 19936K, committed 20012K, reserved 1048576K
}
Event: 209.213 GC heap after
{Heap after GC invocations=66 (full 0):
 garbage-first heap   total 410624K, used 187698K [0x00000006e0000000, 0x0000000800000000)
  region size 1024K, 2 young (2048K), 2 survivors (2048K)
 Metaspace       used 153038K, capacity 157218K, committed 157484K, reserved 1187840K
  class space    used 18355K, capacity 19936K, committed 20012K, reserved 1048576K
}
Event: 210.988 GC heap before
{Heap before GC invocations=67 (full 0):
 garbage-first heap   total 410624K, used 328202K [0x00000006e0000000, 0x0000000800000000)
  region size 1024K, 135 young (138240K), 2 survivors (2048K)
 Metaspace       used 153119K, capacity 157227K, committed 157484K, reserved 1187840K
  class space    used 18356K, capacity 19937K, committed 20012K, reserved 1048576K
}
Event: 211.010 GC heap after
{Heap after GC invocations=68 (full 0):
 garbage-first heap   total 410624K, used 215329K [0x00000006e0000000, 0x0000000800000000)
  region size 1024K, 17 young (17408K), 17 survivors (17408K)
 Metaspace       used 153119K, capacity 157227K, committed 157484K, reserved 1187840K
  class space    used 18356K, capacity 19937K, committed 20012K, reserved 1048576K
}
Event: 211.018 GC heap before
{Heap before GC invocations=68 (full 0):
 garbage-first heap   total 410624K, used 217377K [0x00000006e0000000, 0x0000000800000000)
  region size 1024K, 20 young (20480K), 17 survivors (17408K)
 Metaspace       used 153120K, capacity 157227K, committed 157484K, reserved 1187840K
  class space    used 18356K, capacity 19937K, committed 20012K, reserved 1048576K
}
Event: 211.044 GC heap after
{Heap after GC invocations=69 (full 0):
 garbage-first heap   total 410624K, used 192512K [0x00000006e0000000, 0x0000000800000000)
  region size 1024K, 2 young (2048K), 2 survivors (2048K)
 Metaspace       used 153120K, capacity 157227K, committed 157484K, reserved 1187840K
  class space    used 18356K, capacity 19937K, committed 20012K, reserved 1048576K
}
Event: 211.530 GC heap before
{Heap before GC invocations=69 (full 0):
 garbage-first heap   total 410624K, used 317440K [0x00000006e0000000, 0x0000000800000000)
  region size 1024K, 125 young (128000K), 2 survivors (2048K)
 Metaspace       used 153137K, capacity 157231K, committed 157484K, reserved 1187840K
  class space    used 18356K, capacity 19937K, committed 20012K, reserved 1048576K
}
Event: 211.589 GC heap after
{Heap after GC invocations=70 (full 0):
 garbage-first heap   total 410624K, used 219648K [0x00000006e0000000, 0x0000000800000000)
  region size 1024K, 16 young (16384K), 16 survivors (16384K)
 Metaspace       used 153137K, capacity 157231K, committed 157484K, reserved 1187840K
  class space    used 18356K, capacity 19937K, committed 20012K, reserved 1048576K
}
Event: 211.904 GC heap before
{Heap before GC invocations=70 (full 0):
 garbage-first heap   total 410624K, used 322048K [0x00000006e0000000, 0x0000000800000000)
  region size 1024K, 116 young (118784K), 16 survivors (16384K)
 Metaspace       used 153149K, capacity 157231K, committed 157484K, reserved 1187840K
  class space    used 18358K, capacity 19937K, committed 20012K, reserved 1048576K
}
Event: 211.964 GC heap after
{Heap after GC invocations=71 (full 0):
 garbage-first heap   total 553984K, used 236544K [0x00000006e0000000, 0x0000000800000000)
  region size 1024K, 15 young (15360K), 15 survivors (15360K)
 Metaspace       used 153149K, capacity 157231K, committed 157484K, reserved 1187840K
  class space    used 18358K, capacity 19937K, committed 20012K, reserved 1048576K
}
Event: 212.981 GC heap before
{Heap before GC invocations=71 (full 0):
 garbage-first heap   total 553984K, used 396288K [0x00000006e0000000, 0x0000000800000000)
  region size 1024K, 172 young (176128K), 15 survivors (15360K)
 Metaspace       used 153203K, capacity 157309K, committed 157484K, reserved 1187840K
  class space    used 18367K, capacity 19941K, committed 20012K, reserved 1048576K
}
Event: 213.122 GC heap after
{Heap after GC invocations=72 (full 0):
 garbage-first heap   total 553984K, used 262144K [0x00000006e0000000, 0x0000000800000000)
  region size 1024K, 21 young (21504K), 21 survivors (21504K)
 Metaspace       used 153203K, capacity 157309K, committed 157484K, reserved 1187840K
  class space    used 18367K, capacity 19941K, committed 20012K, reserved 1048576K
}
Event: 214.032 GC heap before
{Heap before GC invocations=72 (full 0):
 garbage-first heap   total 553984K, used 406528K [0x00000006e0000000, 0x0000000800000000)
  region size 1024K, 163 young (166912K), 21 survivors (21504K)
 Metaspace       used 153289K, capacity 157409K, committed 157484K, reserved 1187840K
  class space    used 18385K, capacity 19952K, committed 20012K, reserved 1048576K
}
Event: 214.158 GC heap after
{Heap after GC invocations=73 (full 0):
 garbage-first heap   total 553984K, used 282112K [0x00000006e0000000, 0x0000000800000000)
  region size 1024K, 20 young (20480K), 20 survivors (20480K)
 Metaspace       used 153289K, capacity 157409K, committed 157484K, reserved 1187840K
  class space    used 18385K, capacity 19952K, committed 20012K, reserved 1048576K
}
Event: 215.400 GC heap before
{Heap before GC invocations=74 (full 0):
 garbage-first heap   total 553984K, used 420352K [0x00000006e0000000, 0x0000000800000000)
  region size 1024K, 156 young (159744K), 20 survivors (20480K)
 Metaspace       used 153371K, capacity 157507K, committed 157740K, reserved 1187840K
  class space    used 18392K, capacity 19984K, committed 20012K, reserved 1048576K
}
Event: 215.446 GC heap after
{Heap after GC invocations=75 (full 0):
 garbage-first heap   total 553984K, used 288256K [0x00000006e0000000, 0x0000000800000000)
  region size 1024K, 8 young (8192K), 8 survivors (8192K)
 Metaspace       used 153371K, capacity 157507K, committed 157740K, reserved 1187840K
  class space    used 18392K, capacity 19984K, committed 20012K, reserved 1048576K
}
Event: 215.524 GC heap before
{Heap before GC invocations=75 (full 0):
 garbage-first heap   total 553984K, used 307712K [0x00000006e0000000, 0x0000000800000000)
  region size 1024K, 27 young (27648K), 8 survivors (8192K)
 Metaspace       used 153381K, capacity 157507K, committed 157740K, reserved 1187840K
  class space    used 18392K, capacity 19984K, committed 20012K, reserved 1048576K
}

